This is pdfTeX, Version 3.14159265-2.6-1.40.20 (MiKTeX 2.9.6960 64-bit) (preloaded format=pdflatex 2019.3.6)  16 DEC 2019 02:25
entering extended mode
**./Praca.tex
(Praca.tex
LaTeX2e <2018-12-01>
(E:\Miktex\tex/generic/oberdiek\ifpdf.sty
Package: ifpdf 2018/09/07 v3.3 Provides the ifpdf switch
) (thesis.cls
Document Class: thesis 1996/25/01 1.0g LaTeX document class (wm).
\hours=\count80
\minutes=\count81
(E:\Miktex\tex/latex/base\bk12.clo
File: bk12.clo 2018/09/03 v1.4i Standard LaTeX file (size option)
)
\c@part=\count82
\c@chapter=\count83
\c@section=\count84
\c@subsection=\count85
\c@subsubsection=\count86
\c@paragraph=\count87
\c@subparagraph=\count88
\beforechaptervspace=\skip41
\afterchaptervspace=\skip42
\exampleindent=\skip43
\c@figure=\count89
\c@table=\count90
\abovecaptionskip=\skip44
\belowcaptionskip=\skip45
\bibindent=\dimen102
) (E:\Miktex\tex/latex/graphics\graphicx.sty
Package: graphicx 2017/06/01 v1.1a Enhanced LaTeX Graphics (DPC,SPQR)
(E:\Miktex\tex/latex/graphics\keyval.sty
Package: keyval 2014/10/28 v1.15 key=value parser (DPC)
\KV@toks@=\toks14
)
(E:\Miktex\tex/latex/graphics\graphics.sty
Package: graphics 2017/06/25 v1.2c Standard LaTeX Graphics (DPC,SPQR)

(E:\Miktex\tex/latex/graphics\trig.sty
Package: trig 2016/01/03 v1.10 sin cos tan (DPC)
)
(E:\Miktex\tex/latex/graphics-cfg\graphics.cfg
File: graphics.cfg 2016/06/04 v1.11 sample graphics configuration
)
Package graphics Info: Driver file: pdftex.def on input line 99.

(E:\Miktex\tex/latex/graphics-def\pdftex.def
File: pdftex.def 2018/01/08 v1.0l Graphics/color driver for pdftex
))
\Gin@req@height=\dimen103
\Gin@req@width=\dimen104
)
(E:\Miktex\tex/latex/url\url.sty
\Urlmuskip=\muskip10
Package: url 2013/09/16  ver 3.4  Verb mode for urls, etc.
) (E:\Miktex\tex/latex/base\inputenc.sty
Package: inputenc 2018/08/11 v1.3c Input encoding file
\inpenc@prehook=\toks15
\inpenc@posthook=\toks16

(E:\Miktex\tex/latex/base\cp1250.def
File: cp1250.def 2018/08/11 v1.3c Input encoding file
))
(E:\Miktex\tex/latex/hyperref\hyperref.sty
Package: hyperref 2018/11/30 v6.88e Hypertext links for LaTeX

(E:\Miktex\tex/generic/oberdiek\hobsub-hyperref.sty
Package: hobsub-hyperref 2016/05/16 v1.14 Bundle oberdiek, subset hyperref (HO)


(E:\Miktex\tex/generic/oberdiek\hobsub-generic.sty
Package: hobsub-generic 2016/05/16 v1.14 Bundle oberdiek, subset generic (HO)
Package: hobsub 2016/05/16 v1.14 Construct package bundles (HO)
Package: infwarerr 2016/05/16 v1.4 Providing info/warning/error messages (HO)
Package: ltxcmds 2016/05/16 v1.23 LaTeX kernel commands for general use (HO)
Package: ifluatex 2016/05/16 v1.4 Provides the ifluatex switch (HO)
Package ifluatex Info: LuaTeX not detected.
Package: ifvtex 2016/05/16 v1.6 Detect VTeX and its facilities (HO)
Package ifvtex Info: VTeX not detected.
Package: intcalc 2016/05/16 v1.2 Expandable calculations with integers (HO)
Package hobsub Info: Skipping package `ifpdf' (already loaded).
Package: etexcmds 2016/05/16 v1.6 Avoid name clashes with e-TeX commands (HO)
Package: kvsetkeys 2016/05/16 v1.17 Key value parser (HO)
Package: kvdefinekeys 2016/05/16 v1.4 Define keys (HO)
Package: pdftexcmds 2018/09/10 v0.29 Utility functions of pdfTeX for LuaTeX (HO
)
Package pdftexcmds Info: LuaTeX not detected.
Package pdftexcmds Info: \pdf@primitive is available.
Package pdftexcmds Info: \pdf@ifprimitive is available.
Package pdftexcmds Info: \pdfdraftmode found.
Package: pdfescape 2016/05/16 v1.14 Implements pdfTeX's escape features (HO)
Package: bigintcalc 2016/05/16 v1.4 Expandable calculations on big integers (HO
)
Package: bitset 2016/05/16 v1.2 Handle bit-vector datatype (HO)
Package: uniquecounter 2016/05/16 v1.3 Provide unlimited unique counter (HO)
)
Package hobsub Info: Skipping package `hobsub' (already loaded).
Package: letltxmacro 2016/05/16 v1.5 Let assignment for LaTeX macros (HO)
Package: hopatch 2016/05/16 v1.3 Wrapper for package hooks (HO)
Package: xcolor-patch 2016/05/16 xcolor patch
Package: atveryend 2016/05/16 v1.9 Hooks at the very end of document (HO)
Package atveryend Info: \enddocument detected (standard20110627).
Package: atbegshi 2016/06/09 v1.18 At begin shipout hook (HO)
Package: refcount 2016/05/16 v3.5 Data extraction from label references (HO)
Package: hycolor 2016/05/16 v1.8 Color options for hyperref/bookmark (HO)
)
(E:\Miktex\tex/generic/ifxetex\ifxetex.sty
Package: ifxetex 2010/09/12 v0.6 Provides ifxetex conditional
)
(E:\Miktex\tex/latex/oberdiek\auxhook.sty
Package: auxhook 2016/05/16 v1.4 Hooks for auxiliary files (HO)
)
(E:\Miktex\tex/latex/oberdiek\kvoptions.sty
Package: kvoptions 2016/05/16 v3.12 Key value format for package options (HO)
)
\@linkdim=\dimen105
\Hy@linkcounter=\count91
\Hy@pagecounter=\count92

(E:\Miktex\tex/latex/hyperref\pd1enc.def
File: pd1enc.def 2018/11/30 v6.88e Hyperref: PDFDocEncoding definition (HO)
Now handling font encoding PD1 ...
... no UTF-8 mapping file for font encoding PD1
)
\Hy@SavedSpaceFactor=\count93

(E:\Miktex\tex/latex/00miktex\hyperref.cfg
File: hyperref.cfg 2002/06/06 v1.2 hyperref configuration of TeXLive
)
Package hyperref Info: Option `colorlinks' set `true' on input line 4393.
Package hyperref Info: Option `pdfusetitle' set `true' on input line 4393.
Package hyperref Info: Hyper figures OFF on input line 4519.
Package hyperref Info: Link nesting OFF on input line 4524.
Package hyperref Info: Hyper index ON on input line 4527.
Package hyperref Info: Plain pages OFF on input line 4534.
Package hyperref Info: Backreferencing OFF on input line 4539.
Package hyperref Info: Implicit mode ON; LaTeX internals redefined.
Package hyperref Info: Bookmarks ON on input line 4772.
\c@Hy@tempcnt=\count94
LaTeX Info: Redefining \url on input line 5125.
\XeTeXLinkMargin=\dimen106
\Fld@menulength=\count95
\Field@Width=\dimen107
\Fld@charsize=\dimen108
Package hyperref Info: Hyper figures OFF on input line 6380.
Package hyperref Info: Link nesting OFF on input line 6385.
Package hyperref Info: Hyper index ON on input line 6388.
Package hyperref Info: backreferencing OFF on input line 6395.
Package hyperref Info: Link coloring ON on input line 6398.
Package hyperref Info: Link coloring with OCG OFF on input line 6405.
Package hyperref Info: PDF/A mode OFF on input line 6410.
LaTeX Info: Redefining \ref on input line 6450.
LaTeX Info: Redefining \pageref on input line 6454.
\Hy@abspage=\count96
\c@Item=\count97
\c@Hfootnote=\count98
)
Package hyperref Info: Driver: hpdftex.

(E:\Miktex\tex/latex/hyperref\hpdftex.def
File: hpdftex.def 2018/11/30 v6.88e Hyperref driver for pdfTeX
\Fld@listcount=\count99
\c@bookmark@seq@number=\count100

(E:\Miktex\tex/latex/oberdiek\rerunfilecheck.sty
Package: rerunfilecheck 2016/05/16 v1.8 Rerun checks for auxiliary files (HO)
Package uniquecounter Info: New unique counter `rerunfilecheck' on input line 2
82.
)
\Hy@SectionHShift=\skip46
)
(E:\Miktex\tex/latex/tools\layout.sty
Package: layout 2014/10/28 v1.2c Show layout parameters
\oneinch=\count101
\cnt@paperwidth=\count102
\cnt@paperheight=\count103
\cnt@hoffset=\count104
\cnt@voffset=\count105
\cnt@textheight=\count106
\cnt@textwidth=\count107
\cnt@topmargin=\count108
\cnt@oddsidemargin=\count109
\cnt@evensidemargin=\count110
\cnt@headheight=\count111
\cnt@headsep=\count112
\cnt@marginparsep=\count113
\cnt@marginparwidth=\count114
\cnt@marginparpush=\count115
\cnt@footskip=\count116
\fheight=\count117
\ref@top=\count118
\ref@hoffset=\count119
\ref@voffset=\count120
\ref@head=\count121
\ref@body=\count122
\ref@foot=\count123
\ref@margin=\count124
\ref@marginwidth=\count125
\ref@marginpar=\count126
\Interval=\count127
\ExtraYPos=\count128
\PositionX=\count129
\PositionY=\count130
\ArrowLength=\count131
) (E:\Miktex\tex/latex/base\t1enc.sty
Package: t1enc 1994/06/01 Standard LaTeX package
)
(E:\Miktex\tex/latex/amsmath\amsmath.sty
Package: amsmath 2018/12/01 v2.17b AMS math features
\@mathmargin=\skip47

For additional information on amsmath, use the `?' option.
(E:\Miktex\tex/latex/amsmath\amstext.sty
Package: amstext 2000/06/29 v2.01 AMS text

(E:\Miktex\tex/latex/amsmath\amsgen.sty
File: amsgen.sty 1999/11/30 v2.0 generic functions
\@emptytoks=\toks17
\ex@=\dimen109
))
(E:\Miktex\tex/latex/amsmath\amsbsy.sty
Package: amsbsy 1999/11/29 v1.2d Bold Symbols
\pmbraise@=\dimen110
)
(E:\Miktex\tex/latex/amsmath\amsopn.sty
Package: amsopn 2016/03/08 v2.02 operator names
)
\inf@bad=\count132
LaTeX Info: Redefining \frac on input line 223.
\uproot@=\count133
\leftroot@=\count134
LaTeX Info: Redefining \overline on input line 385.
\classnum@=\count135
\DOTSCASE@=\count136
LaTeX Info: Redefining \ldots on input line 482.
LaTeX Info: Redefining \dots on input line 485.
LaTeX Info: Redefining \cdots on input line 606.
\Mathstrutbox@=\box27
\strutbox@=\box28
\big@size=\dimen111
LaTeX Font Info:    Redeclaring font encoding OML on input line 729.
LaTeX Font Info:    Redeclaring font encoding OMS on input line 730.
\macc@depth=\count137
\c@MaxMatrixCols=\count138
\dotsspace@=\muskip11
\c@parentequation=\count139
\dspbrk@lvl=\count140
\tag@help=\toks18
\row@=\count141
\column@=\count142
\maxfields@=\count143
\andhelp@=\toks19
\eqnshift@=\dimen112
\alignsep@=\dimen113
\tagshift@=\dimen114
\tagwidth@=\dimen115
\totwidth@=\dimen116
\lineht@=\dimen117
\@envbody=\toks20
\multlinegap=\skip48
\multlinetaggap=\skip49
\mathdisplay@stack=\toks21
LaTeX Info: Redefining \[ on input line 2844.
LaTeX Info: Redefining \] on input line 2845.
)
(E:\Miktex\tex/latex/polski\polski.sty
Package: polski 2017/05/04 v1.3.4 Polish language package

   Inputenc package detected. Catcodes not changed.
(E:\Miktex\tex/latex/base\ot4enc.def
File: ot4enc.def 2018/08/11 v2.0j Standard LaTeX file
Now handling font encoding OT4 ...
... no UTF-8 mapping file for font encoding OT4
)
LaTeX Font Info:    Overwriting math alphabet `\mathbf' in version `normal'
(Font)                  OT1/cmr/bx/n --> OT4/cmr/bx/n on input line 324.
LaTeX Font Info:    Overwriting math alphabet `\mathsf' in version `normal'
(Font)                  OT1/cmss/m/n --> OT4/cmss/m/n on input line 324.
LaTeX Font Info:    Overwriting math alphabet `\mathit' in version `normal'
(Font)                  OT1/cmr/m/it --> OT4/cmr/m/it on input line 324.
LaTeX Font Info:    Overwriting math alphabet `\mathtt' in version `normal'
(Font)                  OT1/cmtt/m/n --> OT4/cmtt/m/n on input line 324.
LaTeX Font Info:    Overwriting math alphabet `\mathsf' in version `bold'
(Font)                  OT1/cmss/bx/n --> OT4/cmss/bx/n on input line 324.
LaTeX Font Info:    Overwriting math alphabet `\mathit' in version `bold'
(Font)                  OT1/cmr/bx/it --> OT4/cmr/bx/it on input line 324.
LaTeX Font Info:    Encoding `OT1' has changed to `OT4' for symbol font
(Font)              `operators' in the math version `normal' on input line 324.

LaTeX Font Info:    Overwriting symbol font `operators' in version `normal'
(Font)                  OT1/cmr/m/n --> OT4/cmr/m/n on input line 324.
LaTeX Font Info:    Overwriting symbol font `letters' in version `normal'
(Font)                  OML/cmm/m/it --> OML/plm/m/it on input line 324.
LaTeX Font Info:    Overwriting symbol font `symbols' in version `normal'
(Font)                  OMS/cmsy/m/n --> OMS/plsy/m/n on input line 324.
LaTeX Font Info:    Overwriting symbol font `largesymbols' in version `normal'
(Font)                  OMX/cmex/m/n --> OMX/plex/m/n on input line 324.
LaTeX Font Info:    Encoding `OT1' has changed to `OT4' for symbol font
(Font)              `operators' in the math version `bold' on input line 324.
LaTeX Font Info:    Overwriting symbol font `operators' in version `bold'
(Font)                  OT1/cmr/bx/n --> OT4/cmr/bx/n on input line 324.
LaTeX Font Info:    Overwriting symbol font `letters' in version `bold'
(Font)                  OML/cmm/b/it --> OML/plm/b/it on input line 324.
LaTeX Font Info:    Overwriting symbol font `symbols' in version `bold'
(Font)                  OMS/cmsy/b/n --> OMS/plsy/b/n on input line 324.
)
(E:\Miktex\tex/latex/tools\indentfirst.sty
Package: indentfirst 1995/11/23 v1.03 Indent first paragraph (DPC)
)
(E:\Miktex\tex/latex/amsfonts\amsfonts.sty
Package: amsfonts 2013/01/14 v3.01 Basic AMSFonts support
\symAMSa=\mathgroup4
\symAMSb=\mathgroup5
LaTeX Font Info:    Overwriting math alphabet `\mathfrak' in version `bold'
(Font)                  U/euf/m/n --> U/euf/b/n on input line 106.
)
(E:\Miktex\tex/latex/subfig\subfig.sty
Package: subfig 2005/06/28 ver: 1.3 subfig package
 (E:\Miktex\tex/latex/caption\caption.sty
Package: caption 2018/10/06 v3.3-154 Customizing captions (AR)
(E:\Miktex\tex/latex/caption\caption3.sty
Package: caption3 2018/09/12 v1.8c caption3 kernel (AR)
Package caption3 Info: TeX engine: e-TeX on input line 64.
\captionmargin=\dimen118
\captionmargin@=\dimen119
\captionwidth=\dimen120
\caption@tempdima=\dimen121
\caption@indent=\dimen122
\caption@parindent=\dimen123
\caption@hangindent=\dimen124
)
\c@caption@flags=\count144
\c@ContinuedFloat=\count145
Package caption Info: hyperref package is loaded.
)
\c@KVtest=\count146
\sf@farskip=\skip50
\sf@captopadj=\dimen125
\sf@capskip=\skip51
\sf@nearskip=\skip52
\c@subfigure=\count147
\c@subfigure@save=\count148
\c@lofdepth=\count149
\c@subtable=\count150
\c@subtable@save=\count151
\c@lotdepth=\count152
\sf@top=\skip53
\sf@bottom=\skip54
)
(E:\Miktex\tex/latex/multirow\multirow.sty
Package: multirow 2019/01/01 v2.4 Span multiple rows of a table
\multirow@colwidth=\skip55
\multirow@cntb=\count153
\multirow@dima=\skip56
\bigstrutjot=\dimen126
) (E:\Miktex\tex/latex/cite\cite.sty
LaTeX Info: Redefining \cite on input line 302.
LaTeX Info: Redefining \nocite on input line 332.
Package: cite 2015/02/27  v 5.5
) (E:\Miktex\tex/latex/listings\listings.sty
\lst@mode=\count154
\lst@gtempboxa=\box29
\lst@token=\toks22
\lst@length=\count155
\lst@currlwidth=\dimen127
\lst@column=\count156
\lst@pos=\count157
\lst@lostspace=\dimen128
\lst@width=\dimen129
\lst@newlines=\count158
\lst@lineno=\count159
\lst@maxwidth=\dimen130

(E:\Miktex\tex/latex/listings\lstmisc.sty
File: lstmisc.sty 2019/02/27 1.8b (Carsten Heinz)
\c@lstnumber=\count160
\lst@skipnumbers=\count161
\lst@framebox=\box30
)
(E:\Miktex\tex/latex/listings\listings.cfg
File: listings.cfg 2019/02/27 1.8b listings configuration
))
Package: listings 2019/02/27 1.8b (Carsten Heinz)

(E:\Miktex\tex/latex/listings\lstlang1.sty
File: lstlang1.sty 2019/02/27 1.8b listings language file
) (cleardpempty.sty)
(E:\Miktex\tex/latex/float\float.sty
Package: float 2001/11/08 v1.3d Float enhancements (AL)
\c@float@type=\count162
\float@exts=\toks23
\float@box=\box31
\@float@everytoks=\toks24
\@floatcapt=\box32
) (E:\Miktex\tex/latex/wrapfig\wrapfig.sty
\wrapoverhang=\dimen131
\WF@size=\dimen132
\c@WF@wrappedlines=\count163
\WF@box=\box33
\WF@everypar=\toks25
Package: wrapfig 2003/01/31  v 3.6
)
\c@twierdzenie=\count164
\c@wlasnosc=\count165
\c@lemat=\count166
(E:\Miktex\tex/latex/pdfpages\pdfpages.sty
Package: pdfpages 2017/10/31 v0.5l Insert pages of external PDF documents (AM)
 (E:\Miktex\tex/latex/base\ifthen.sty
Package: ifthen 2014/09/29 v1.1c Standard LaTeX ifthen package (DPC)
) (E:\Miktex\tex/latex/tools\calc.sty
Package: calc 2017/05/25 v4.3 Infix arithmetic (KKT,FJ)
\calc@Acount=\count167
\calc@Bcount=\count168
\calc@Adimen=\dimen133
\calc@Bdimen=\dimen134
\calc@Askip=\skip57
\calc@Bskip=\skip58
LaTeX Info: Redefining \setlength on input line 80.
LaTeX Info: Redefining \addtolength on input line 81.
\calc@Ccount=\count169
\calc@Cskip=\skip59
) (E:\Miktex\tex/latex/eso-pic\eso-pic.sty
Package: eso-pic 2018/04/12 v2.0h eso-pic (RN)
(E:\Miktex\tex/latex/xcolor\xcolor.sty
Package: xcolor 2016/05/11 v2.12 LaTeX color extensions (UK)

(E:\Miktex\tex/latex/graphics-cfg\color.cfg
File: color.cfg 2016/01/02 v1.6 sample color configuration
)
Package xcolor Info: Driver file: pdftex.def on input line 225.
Package xcolor Info: Model `cmy' substituted by `cmy0' on input line 1348.
Package xcolor Info: Model `hsb' substituted by `rgb' on input line 1352.
Package xcolor Info: Model `RGB' extended on input line 1364.
Package xcolor Info: Model `HTML' substituted by `rgb' on input line 1366.
Package xcolor Info: Model `Hsb' substituted by `hsb' on input line 1367.
Package xcolor Info: Model `tHsb' substituted by `hsb' on input line 1368.
Package xcolor Info: Model `HSB' substituted by `hsb' on input line 1369.
Package xcolor Info: Model `Gray' substituted by `gray' on input line 1370.
Package xcolor Info: Model `wave' substituted by `hsb' on input line 1371.
))
\AM@pagewidth=\dimen135
\AM@pageheight=\dimen136

(E:\Miktex\tex/latex/pdfpages\pppdftex.def
File: pppdftex.def 2017/10/31 v0.5l Pdfpages driver for pdfTeX (AM)
)
\AM@pagebox=\box34
\AM@global@opts=\toks26
\AM@toc@title=\toks27
\c@AM@survey=\count170
\AM@templatesizebox=\box35
)
(E:\Miktex\tex/latex/graphics\lscape.sty
Package: lscape 2000/10/22 v3.01 Landscape Pages (DPC)
)
(E:\Miktex\tex/latex/oberdiek\pdflscape.sty
Package: pdflscape 2016/05/14 v0.11 Display of landscape pages in PDF (HO)
)
(E:\Miktex\tex/latex/anysize\anysize.sty
Package: anysize 1994/08/13 setting margin sizes

document style option `anysize' loaded
Michael Salzenberg, Thomas Esser, Dirk Hillbrecht
Version 1.0, Aug 13, 1994
\@Leftmargin=\dimen137
\@Rightmargin=\dimen138
\@Topmargin=\dimen139
\@Bottommargin=\dimen140
) (title.sty) (Praca.aux)
\openout1 = `Praca.aux'.

LaTeX Font Info:    Checking defaults for OML/cmm/m/it on input line 221.
LaTeX Font Info:    ... okay on input line 221.
LaTeX Font Info:    Checking defaults for T1/cmr/m/n on input line 221.
LaTeX Font Info:    ... okay on input line 221.
LaTeX Font Info:    Checking defaults for OT1/cmr/m/n on input line 221.
LaTeX Font Info:    ... okay on input line 221.
LaTeX Font Info:    Checking defaults for OMS/cmsy/m/n on input line 221.
LaTeX Font Info:    ... okay on input line 221.
LaTeX Font Info:    Checking defaults for OMX/cmex/m/n on input line 221.
LaTeX Font Info:    ... okay on input line 221.
LaTeX Font Info:    Checking defaults for U/cmr/m/n on input line 221.
LaTeX Font Info:    ... okay on input line 221.
LaTeX Font Info:    Checking defaults for PD1/pdf/m/n on input line 221.
LaTeX Font Info:    ... okay on input line 221.
LaTeX Font Info:    Checking defaults for OT4/cmr/m/n on input line 221.
LaTeX Font Info:    Try loading font information for OT4+cmr on input line 221.

 (E:\Miktex\tex/latex/polski\ot4cmr.fd
File: ot4cmr.fd 2008/02/24 v1.2.1 Font defs for fonts PL (MW)
)
LaTeX Font Info:    ... okay on input line 221.

(E:\Miktex\tex/context/base/mkii\supp-pdf.mkii
[Loading MPS to PDF converter (version 2006.09.02).]
\scratchcounter=\count171
\scratchdimen=\dimen141
\scratchbox=\box36
\nofMPsegments=\count172
\nofMParguments=\count173
\everyMPshowfont=\toks28
\MPscratchCnt=\count174
\MPscratchDim=\dimen142
\MPnumerator=\count175
\makeMPintoPDFobject=\count176
\everyMPtoPDFconversion=\toks29
) (E:\Miktex\tex/latex/oberdiek\epstopdf-base.sty
Package: epstopdf-base 2016/05/15 v2.6 Base part for package epstopdf

(E:\Miktex\tex/latex/oberdiek\grfext.sty
Package: grfext 2016/05/16 v1.2 Manage graphics extensions (HO)
)
Package epstopdf-base Info: Redefining graphics rule for `.eps' on input line 4
38.
Package grfext Info: Graphics extension search list:
(grfext)             [.pdf,.png,.jpg,.mps,.jpeg,.jbig2,.jb2,.PDF,.PNG,.JPG,.JPE
G,.JBIG2,.JB2,.eps]
(grfext)             \AppendGraphicsExtensions on input line 456.
)
\AtBeginShipoutBox=\box37
Package hyperref Info: Link coloring ON on input line 221.

(E:\Miktex\tex/latex/hyperref\nameref.sty
Package: nameref 2016/05/21 v2.44 Cross-referencing by name of section

(E:\Miktex\tex/generic/oberdiek\gettitlestring.sty
Package: gettitlestring 2016/05/16 v1.5 Cleanup title references (HO)
)
\c@section@level=\count177
)
LaTeX Info: Redefining \ref on input line 221.
LaTeX Info: Redefining \pageref on input line 221.
LaTeX Info: Redefining \nameref on input line 221.
 (Praca.out) (Praca.out)
\@outlinefile=\write3
\openout3 = `Praca.out'.

Package caption Info: Begin \AtBeginDocument code.
Package caption Info: subfig package v1.3 is loaded.
Package caption Info: float package is loaded.
Package caption Info: listings package is loaded.
Package caption Info: wrapfig package is loaded.
Package caption Info: End \AtBeginDocument code.
\c@lstlisting=\count178

[1


{C:/Users/Natalia/AppData/Local/MiKTeX/2.9/pdftex/config/pdftex.map}]
[2

] (Praca.toc
LaTeX Font Info:    Try loading font information for OML+plm on input line 1.
 (E:\Miktex\tex/latex/polski\omlplm.fd
File: omlplm.fd 2008/02/24 v1.2.1 Font defs for fonts PL (MW)
)
LaTeX Font Info:    Try loading font information for OMS+plsy on input line 1.

(E:\Miktex\tex/latex/polski\omsplsy.fd
File: omsplsy.fd 2008/02/24 v1.2.1 Font defs for fonts PL (MW)
)
LaTeX Font Info:    Try loading font information for OMX+plex on input line 1.
 (E:\Miktex\tex/latex/polski\omxplex.fd
File: omxplex.fd 2008/02/24 v1.2.1 Font defs for fonts PL (MW)
)
LaTeX Font Info:    External font `plex10' loaded for size
(Font)              <12> on input line 1.
LaTeX Font Info:    External font `plex10' loaded for size
(Font)              <8> on input line 1.
LaTeX Font Info:    External font `plex10' loaded for size
(Font)              <6> on input line 1.
LaTeX Font Info:    Try loading font information for U+msa on input line 1.
(E:\Miktex\tex/latex/amsfonts\umsa.fd
File: umsa.fd 2013/01/14 v3.01 AMS symbols A
)
LaTeX Font Info:    Try loading font information for U+msb on input line 1.
 (E:\Miktex\tex/latex/amsfonts\umsb.fd
File: umsb.fd 2013/01/14 v3.01 AMS symbols B
)
LaTeX Font Info:    Try loading font information for OMS+cmr on input line 4.

(E:\Miktex\tex/latex/base\omscmr.fd
File: omscmr.fd 2014/09/29 v2.5h Standard LaTeX font definitions
)
LaTeX Font Info:    Font shape `OMS/cmr/m/n' in size <12> not available
(Font)              Font shape `OMS/cmsy/m/n' tried instead on input line 4.
 [3

])
\tf@toc=\write4
\openout4 = `Praca.toc'.

 [4] (Praca.lof)
\tf@lof=\write5
\openout5 = `Praca.lof'.

 [5

] [6

]
(Rozdzialy.tex
Rozdzia\PlPrIeC {\l } 1.
LaTeX Font Info:    Font shape `OMS/cmr/bx/n' in size <17.28> not available
(Font)              Font shape `OMS/cmsy/b/n' tried instead on input line 16.
[1

] [2]
Rozdzia\PlPrIeC {\l } 2.
[3

]
<./rysunki/7.jpg, id=240, 212.29312pt x 139.27031pt>
File: ./rysunki/7.jpg Graphic file (type jpg)
<use ./rysunki/7.jpg>
Package pdftex.def Info: ./rysunki/7.jpg  used on input line 54.
(pdftex.def)             Requested size: 127.37685pt x 83.56282pt.

Underfull \hbox (badness 10000) in paragraph at lines 49--59
\OT4/cmr/m/n/12 wo-lu-cyj-nej.
 []

<./rysunki/pool.png, id=241, 518.93875pt x 452.69125pt>
File: ./rysunki/pool.png Graphic file (type png)
<use ./rysunki/pool.png>
Package pdftex.def Info: ./rysunki/pool.png  used on input line 63.
(pdftex.def)             Requested size: 259.46873pt x 226.34506pt.
[4 <./rysunki/7.jpg> <./rysunki/pool.png>] [5] [6

]
Rozdzia\PlPrIeC {\l } 3.
[7] [8

]
Rozdzia\PlPrIeC {\l } 4.
[9]
<./rysunki/architektura1.jpg, id=268, 761.09344pt x 251.43938pt>
File: ./rysunki/architektura1.jpg Graphic file (type jpg)
<use ./rysunki/architektura1.jpg>
Package pdftex.def Info: ./rysunki/architektura1.jpg  used on input line 101.
(pdftex.def)             Requested size: 380.54579pt x 125.71938pt.
<./rysunki/klasyfikacja1.jpg, id=269, 350.81062pt x 291.33844pt>
File: ./rysunki/klasyfikacja1.jpg Graphic file (type jpg)
<use ./rysunki/klasyfikacja1.jpg>
Package pdftex.def Info: ./rysunki/klasyfikacja1.jpg  used on input line 110.
(pdftex.def)             Requested size: 245.56575pt x 203.93552pt.

Underfull \vbox (badness 10000) has occurred while \output is active []

 [10]
<./rysunki/klasyfikacja2.jpg, id=278, 397.485pt x 286.06876pt>
File: ./rysunki/klasyfikacja2.jpg Graphic file (type jpg)
<use ./rysunki/klasyfikacja2.jpg>
Package pdftex.def Info: ./rysunki/klasyfikacja2.jpg  used on input line 116.
(pdftex.def)             Requested size: 278.2376pt x 200.24675pt.

Underfull \vbox (badness 10000) has occurred while \output is active []

 [11 <./rysunki/architektura1.jpg> <./rysunki/klasyfikacja1.jpg>]
<./rysunki/twarze.jpg, id=283, 362.10281pt x 333.49594pt>
File: ./rysunki/twarze.jpg Graphic file (type jpg)
<use ./rysunki/twarze.jpg>
Package pdftex.def Info: ./rysunki/twarze.jpg  used on input line 132.
(pdftex.def)             Requested size: 217.26335pt x 200.09909pt.

Underfull \hbox (badness 10000) in paragraph at lines 128--137
\OT4/cmr/m/n/12 na ob-raz-ku.
 []


Underfull \hbox (badness 2134) in paragraph at lines 137--140
[]\OT4/cmr/m/n/12 Po nor-ma-li-za-cji dy-stans po-mi¦-dzy ty-mi
 []

[12 <./rysunki/klasyfikacja2.jpg> <./rysunki/twarze.jpg>]
Overfull \hbox (10.74684pt too wide) in paragraph at lines 143--171
[] 
 []


Underfull \vbox (badness 10000) has occurred while \output is active []

 [13]
[14]
Underfull \hbox (badness 10000) in paragraph at lines 182--198

 []

[15] [16] [17] [18]
Rozdzia\PlPrIeC {\l } 5.
[19

] [20

]
Underfull \hbox (badness 6380) in paragraph at lines 341--342
[]\OT4/cmr/m/n/12 West, J (2017) Hi-sto-ry of Fa-ce Re-co-gni-tion { Fa-cial re
-co-gni-tion so-ftwa-
 []


Underfull \hbox (badness 2951) in paragraph at lines 341--342
\OT4/cmr/m/n/12 re [on-li-ne] Fa-ce-First Fa-ce Re-co-ni-tion fa-cial re-co-gni
-tion so-ftwa-re ava-ila-ble on
 []

[21]) [22]
No file Praca.bbl.

Package caption Warning: Unused \captionsetup[subfigure] on input line 100.
See the caption package documentation for explanation.

Package atveryend Info: Empty hook `BeforeClearDocument' on input line 254.
Package atveryend Info: Empty hook `AfterLastShipout' on input line 254.
(Praca.aux)
Package atveryend Info: Executing hook `AtVeryEndDocument' on input line 254.
Package atveryend Info: Executing hook `AtEndAfterFileList' on input line 254.
Package rerunfilecheck Info: File `Praca.out' has not changed.
(rerunfilecheck)             Checksum: 9D0C7ACE2E22E7A696582B126D48E1E4;2152.
Package atveryend Info: Empty hook `AtVeryVeryEnd' on input line 254.
 ) 
Here is how much of TeX's memory you used:
 10410 strings out of 492946
 150449 string characters out of 3143490
 433618 words of memory out of 3000000
 14030 multiletter control sequences out of 15000+200000
 15277 words of font info for 44 fonts, out of 3000000 for 9000
 1141 hyphenation exceptions out of 8191
 44i,9n,42p,1085b,439s stack positions out of 5000i,500n,10000p,200000b,50000s
{E:/Miktex/fonts/enc/dvips/pl/plit.enc}{E:/Miktex/fonts/enc/dvips/pl/plmi.enc
}{E:/Miktex/fonts/enc/dvips/pl/plme.enc}{E:/Miktex/fonts/enc/dvips/pl/plrm.enc}
{E:/Miktex/fonts/enc/dvips/pl/plms.enc}<E:/Miktex/fonts/type1/public/amsfonts/c
m/cmbsy10.pfb><E:/Miktex/fonts/type1/public/amsfonts/cm/cmsy10.pfb><E:/Miktex/f
onts/type1/public/pl/plbx12.pfb><E:/Miktex/fonts/type1/public/pl/plex10.pfb><E:
/Miktex/fonts/type1/public/pl/plmi12.pfb><E:/Miktex/fonts/type1/public/pl/plmi6
.pfb><E:/Miktex/fonts/type1/public/pl/plmi8.pfb><E:/Miktex/fonts/type1/public/p
l/plr10.pfb><E:/Miktex/fonts/type1/public/pl/plr12.pfb><E:/Miktex/fonts/type1/p
ublic/pl/plr8.pfb><E:/Miktex/fonts/type1/public/pl/plsl10.pfb><E:/Miktex/fonts/
type1/public/pl/plsl12.pfb><E:/Miktex/fonts/type1/public/pl/plsy10.pfb><E:/Mikt
ex/fonts/type1/public/pl/plti12.pfb>
Output written on Praca.pdf (28 pages, 491301 bytes).
PDF statistics:
 419 PDF objects out of 1000 (max. 8388607)
 94 named destinations out of 1000 (max. 500000)
 295 words of extra memory for PDF output out of 10000 (max. 10000000)

